#-----------------------------------------------------------
# Vivado v2018.3 (64-bit)
# SW Build 2405991 on Thu Dec  6 23:38:27 MST 2018
# IP Build 2404404 on Fri Dec  7 01:43:56 MST 2018
# Start of session at: Mon May  6 19:36:59 2019
# Process ID: 12228
# Current directory: C:/Users/ThePhonkey/Desktop/ELO211/SESION5 OFFLINE
# Command line: vivado.exe -gui_launcher_event rodinguilauncherevent19688 C:\Users\ThePhonkey\Desktop\ELO211\SESION5 OFFLINE\SESION5 OFFLINE.xpr
# Log file: C:/Users/ThePhonkey/Desktop/ELO211/SESION5 OFFLINE/vivado.log
# Journal file: C:/Users/ThePhonkey/Desktop/ELO211/SESION5 OFFLINE\vivado.jou
#-----------------------------------------------------------
start_gui
open_project {C:/Users/ThePhonkey/Desktop/ELO211/SESION5 OFFLINE/SESION5 OFFLINE.xpr}
Scanning sources...
Finished scanning sources
INFO: [IP_Flow 19-234] Refreshing IP repositories
INFO: [IP_Flow 19-1704] No user IP repositories specified
INFO: [IP_Flow 19-2313] Loaded Vivado IP repository 'C:/Xilinx/Vivado/2018.3/data/ip'.
open_project: Time (s): cpu = 00:00:15 ; elapsed = 00:00:08 . Memory (MB): peak = 683.078 ; gain = 107.789
update_compile_order -fileset sources_1
exit
INFO: [Common 17-206] Exiting Vivado at Mon May  6 19:44:29 2019...
