#-----------------------------------------------------------
# Vivado v2018.3 (64-bit)
# SW Build 2405991 on Thu Dec  6 23:38:27 MST 2018
# IP Build 2404404 on Fri Dec  7 01:43:56 MST 2018
# Start of session at: Mon Aug 19 17:01:04 2019
# Process ID: 10872
# Current directory: C:/Users/ThePhonkey/Desktop/ELO212/SESION8
# Command line: vivado.exe -gui_launcher_event rodinguilauncherevent17372 C:\Users\ThePhonkey\Desktop\ELO212\SESION8\SESION8.xpr
# Log file: C:/Users/ThePhonkey/Desktop/ELO212/SESION8/vivado.log
# Journal file: C:/Users/ThePhonkey/Desktop/ELO212/SESION8\vivado.jou
#-----------------------------------------------------------
start_gui
open_project C:/Users/ThePhonkey/Desktop/ELO212/SESION8/SESION8.xpr
Scanning sources...
Finished scanning sources
INFO: [IP_Flow 19-234] Refreshing IP repositories
INFO: [IP_Flow 19-1704] No user IP repositories specified
INFO: [IP_Flow 19-2313] Loaded Vivado IP repository 'C:/Xilinx/Vivado/2018.3/data/ip'.
open_project: Time (s): cpu = 00:00:16 ; elapsed = 00:00:09 . Memory (MB): peak = 682.594 ; gain = 98.430
update_compile_order -fileset sources_1
open_hw
connect_hw_server
INFO: [Labtools 27-2285] Connecting to hw_server url TCP:localhost:3121
INFO: [Labtools 27-2222] Launching hw_server...
INFO: [Labtools 27-2221] Launch Output:

****** Xilinx hw_server v2018.3
  **** Build date : Dec  7 2018-00:40:27
    ** Copyright 1986-2018 Xilinx, Inc. All Rights Reserved.


open_hw_target
INFO: [Labtoolstcl 44-466] Opening hw_target localhost:3121/xilinx_tcf/Digilent/210292708913A
set_property PROGRAM.FILE {C:/Users/ThePhonkey/Desktop/ELO212/SESION8/SESION8.runs/impl_1/lab_8.bit} [get_hw_devices xc7a100t_0]
current_hw_device [get_hw_devices xc7a100t_0]
refresh_hw_device -update_hw_probes false [lindex [get_hw_devices xc7a100t_0] 0]
INFO: [Labtools 27-1434] Device xc7a100t (JTAG device index = 0) is programmed with a design that has no supported debug core(s) in it.
set_property PROBES.FILE {} [get_hw_devices xc7a100t_0]
set_property FULL_PROBES.FILE {} [get_hw_devices xc7a100t_0]
set_property PROGRAM.FILE {C:/Users/ThePhonkey/Desktop/ELO212/SESION8/SESION8.runs/impl_1/lab_8.bit} [get_hw_devices xc7a100t_0]
program_hw_devices [get_hw_devices xc7a100t_0]
INFO: [Labtools 27-3164] End of startup status: HIGH
refresh_hw_device [lindex [get_hw_devices xc7a100t_0] 0]
INFO: [Labtools 27-1434] Device xc7a100t (JTAG device index = 0) is programmed with a design that has no supported debug core(s) in it.
reset_run synth_1
launch_runs impl_1 -to_step write_bitstream -jobs 4
INFO: [Vivado 12-4149] The synthesis checkpoint for IP 'C:/Users/ThePhonkey/Desktop/ELO212/SESION8/SESION8.srcs/sources_1/ip/clk_wiz_0/clk_wiz_0.xci' is already up-to-date
[Mon Aug 19 17:08:46 2019] Launched synth_1...
Run output will be captured here: C:/Users/ThePhonkey/Desktop/ELO212/SESION8/SESION8.runs/synth_1/runme.log
[Mon Aug 19 17:08:47 2019] Launched impl_1...
Run output will be captured here: C:/Users/ThePhonkey/Desktop/ELO212/SESION8/SESION8.runs/impl_1/runme.log
set_property PROBES.FILE {} [get_hw_devices xc7a100t_0]
set_property FULL_PROBES.FILE {} [get_hw_devices xc7a100t_0]
set_property PROGRAM.FILE {C:/Users/ThePhonkey/Desktop/ELO212/SESION8/SESION8.runs/impl_1/lab_8.bit} [get_hw_devices xc7a100t_0]
program_hw_devices [get_hw_devices xc7a100t_0]
INFO: [Labtools 27-3164] End of startup status: HIGH
refresh_hw_device [lindex [get_hw_devices xc7a100t_0] 0]
INFO: [Labtools 27-1434] Device xc7a100t (JTAG device index = 0) is programmed with a design that has no supported debug core(s) in it.
reset_run synth_1
launch_runs impl_1 -to_step write_bitstream -jobs 4
INFO: [Vivado 12-4149] The synthesis checkpoint for IP 'C:/Users/ThePhonkey/Desktop/ELO212/SESION8/SESION8.srcs/sources_1/ip/clk_wiz_0/clk_wiz_0.xci' is already up-to-date
[Mon Aug 19 17:27:47 2019] Launched synth_1...
Run output will be captured here: C:/Users/ThePhonkey/Desktop/ELO212/SESION8/SESION8.runs/synth_1/runme.log
[Mon Aug 19 17:27:47 2019] Launched impl_1...
Run output will be captured here: C:/Users/ThePhonkey/Desktop/ELO212/SESION8/SESION8.runs/impl_1/runme.log
set_property PROBES.FILE {} [get_hw_devices xc7a100t_0]
set_property FULL_PROBES.FILE {} [get_hw_devices xc7a100t_0]
set_property PROGRAM.FILE {C:/Users/ThePhonkey/Desktop/ELO212/SESION8/SESION8.runs/impl_1/lab_8.bit} [get_hw_devices xc7a100t_0]
program_hw_devices [get_hw_devices xc7a100t_0]
INFO: [Labtools 27-3164] End of startup status: HIGH
refresh_hw_device [lindex [get_hw_devices xc7a100t_0] 0]
INFO: [Labtools 27-1434] Device xc7a100t (JTAG device index = 0) is programmed with a design that has no supported debug core(s) in it.
reset_run synth_1
launch_runs impl_1 -to_step write_bitstream -jobs 4
INFO: [Vivado 12-4149] The synthesis checkpoint for IP 'C:/Users/ThePhonkey/Desktop/ELO212/SESION8/SESION8.srcs/sources_1/ip/clk_wiz_0/clk_wiz_0.xci' is already up-to-date
[Mon Aug 19 17:32:30 2019] Launched synth_1...
Run output will be captured here: C:/Users/ThePhonkey/Desktop/ELO212/SESION8/SESION8.runs/synth_1/runme.log
[Mon Aug 19 17:32:30 2019] Launched impl_1...
Run output will be captured here: C:/Users/ThePhonkey/Desktop/ELO212/SESION8/SESION8.runs/impl_1/runme.log
set_property PROBES.FILE {} [get_hw_devices xc7a100t_0]
set_property FULL_PROBES.FILE {} [get_hw_devices xc7a100t_0]
set_property PROGRAM.FILE {C:/Users/ThePhonkey/Desktop/ELO212/SESION8/SESION8.runs/impl_1/lab_8.bit} [get_hw_devices xc7a100t_0]
program_hw_devices [get_hw_devices xc7a100t_0]
INFO: [Labtools 27-3164] End of startup status: HIGH
refresh_hw_device [lindex [get_hw_devices xc7a100t_0] 0]
INFO: [Labtools 27-1434] Device xc7a100t (JTAG device index = 0) is programmed with a design that has no supported debug core(s) in it.
reset_run synth_1
launch_runs impl_1 -to_step write_bitstream -jobs 4
INFO: [Vivado 12-4149] The synthesis checkpoint for IP 'C:/Users/ThePhonkey/Desktop/ELO212/SESION8/SESION8.srcs/sources_1/ip/clk_wiz_0/clk_wiz_0.xci' is already up-to-date
[Mon Aug 19 17:42:57 2019] Launched synth_1...
Run output will be captured here: C:/Users/ThePhonkey/Desktop/ELO212/SESION8/SESION8.runs/synth_1/runme.log
[Mon Aug 19 17:42:57 2019] Launched impl_1...
Run output will be captured here: C:/Users/ThePhonkey/Desktop/ELO212/SESION8/SESION8.runs/impl_1/runme.log
set_property PROBES.FILE {} [get_hw_devices xc7a100t_0]
set_property FULL_PROBES.FILE {} [get_hw_devices xc7a100t_0]
set_property PROGRAM.FILE {C:/Users/ThePhonkey/Desktop/ELO212/SESION8/SESION8.runs/impl_1/lab_8.bit} [get_hw_devices xc7a100t_0]
program_hw_devices [get_hw_devices xc7a100t_0]
INFO: [Labtools 27-3164] End of startup status: HIGH
refresh_hw_device [lindex [get_hw_devices xc7a100t_0] 0]
INFO: [Labtools 27-1434] Device xc7a100t (JTAG device index = 0) is programmed with a design that has no supported debug core(s) in it.
reset_run synth_1
launch_runs impl_1 -to_step write_bitstream -jobs 4
INFO: [Vivado 12-4149] The synthesis checkpoint for IP 'C:/Users/ThePhonkey/Desktop/ELO212/SESION8/SESION8.srcs/sources_1/ip/clk_wiz_0/clk_wiz_0.xci' is already up-to-date
[Mon Aug 19 18:05:43 2019] Launched synth_1...
Run output will be captured here: C:/Users/ThePhonkey/Desktop/ELO212/SESION8/SESION8.runs/synth_1/runme.log
[Mon Aug 19 18:05:43 2019] Launched impl_1...
Run output will be captured here: C:/Users/ThePhonkey/Desktop/ELO212/SESION8/SESION8.runs/impl_1/runme.log
set_property PROBES.FILE {} [get_hw_devices xc7a100t_0]
set_property FULL_PROBES.FILE {} [get_hw_devices xc7a100t_0]
set_property PROGRAM.FILE {C:/Users/ThePhonkey/Desktop/ELO212/SESION8/SESION8.runs/impl_1/lab_8.bit} [get_hw_devices xc7a100t_0]
program_hw_devices [get_hw_devices xc7a100t_0]
INFO: [Labtools 27-3164] End of startup status: HIGH
refresh_hw_device [lindex [get_hw_devices xc7a100t_0] 0]
INFO: [Labtools 27-1434] Device xc7a100t (JTAG device index = 0) is programmed with a design that has no supported debug core(s) in it.
reset_run synth_1
launch_runs impl_1 -to_step write_bitstream -jobs 4
INFO: [Vivado 12-4149] The synthesis checkpoint for IP 'C:/Users/ThePhonkey/Desktop/ELO212/SESION8/SESION8.srcs/sources_1/ip/clk_wiz_0/clk_wiz_0.xci' is already up-to-date
[Mon Aug 19 18:12:16 2019] Launched synth_1...
Run output will be captured here: C:/Users/ThePhonkey/Desktop/ELO212/SESION8/SESION8.runs/synth_1/runme.log
[Mon Aug 19 18:12:16 2019] Launched impl_1...
Run output will be captured here: C:/Users/ThePhonkey/Desktop/ELO212/SESION8/SESION8.runs/impl_1/runme.log
set_property PROBES.FILE {} [get_hw_devices xc7a100t_0]
set_property FULL_PROBES.FILE {} [get_hw_devices xc7a100t_0]
set_property PROGRAM.FILE {C:/Users/ThePhonkey/Desktop/ELO212/SESION8/SESION8.runs/impl_1/lab_8.bit} [get_hw_devices xc7a100t_0]
program_hw_devices [get_hw_devices xc7a100t_0]
INFO: [Labtools 27-3164] End of startup status: HIGH
refresh_hw_device [lindex [get_hw_devices xc7a100t_0] 0]
INFO: [Labtools 27-1434] Device xc7a100t (JTAG device index = 0) is programmed with a design that has no supported debug core(s) in it.
reset_run synth_1
launch_runs impl_1 -to_step write_bitstream -jobs 4
INFO: [Vivado 12-4149] The synthesis checkpoint for IP 'C:/Users/ThePhonkey/Desktop/ELO212/SESION8/SESION8.srcs/sources_1/ip/clk_wiz_0/clk_wiz_0.xci' is already up-to-date
[Mon Aug 19 18:17:01 2019] Launched synth_1...
Run output will be captured here: C:/Users/ThePhonkey/Desktop/ELO212/SESION8/SESION8.runs/synth_1/runme.log
[Mon Aug 19 18:17:01 2019] Launched impl_1...
Run output will be captured here: C:/Users/ThePhonkey/Desktop/ELO212/SESION8/SESION8.runs/impl_1/runme.log
set_property PROBES.FILE {} [get_hw_devices xc7a100t_0]
set_property FULL_PROBES.FILE {} [get_hw_devices xc7a100t_0]
set_property PROGRAM.FILE {C:/Users/ThePhonkey/Desktop/ELO212/SESION8/SESION8.runs/impl_1/lab_8.bit} [get_hw_devices xc7a100t_0]
program_hw_devices [get_hw_devices xc7a100t_0]
INFO: [Labtools 27-3164] End of startup status: HIGH
refresh_hw_device [lindex [get_hw_devices xc7a100t_0] 0]
INFO: [Labtools 27-1434] Device xc7a100t (JTAG device index = 0) is programmed with a design that has no supported debug core(s) in it.
reset_run synth_1
launch_runs impl_1 -to_step write_bitstream -jobs 4
INFO: [Vivado 12-4149] The synthesis checkpoint for IP 'C:/Users/ThePhonkey/Desktop/ELO212/SESION8/SESION8.srcs/sources_1/ip/clk_wiz_0/clk_wiz_0.xci' is already up-to-date
[Mon Aug 19 18:21:26 2019] Launched synth_1...
Run output will be captured here: C:/Users/ThePhonkey/Desktop/ELO212/SESION8/SESION8.runs/synth_1/runme.log
[Mon Aug 19 18:21:26 2019] Launched impl_1...
Run output will be captured here: C:/Users/ThePhonkey/Desktop/ELO212/SESION8/SESION8.runs/impl_1/runme.log
set_property PROBES.FILE {} [get_hw_devices xc7a100t_0]
set_property FULL_PROBES.FILE {} [get_hw_devices xc7a100t_0]
set_property PROGRAM.FILE {C:/Users/ThePhonkey/Desktop/ELO212/SESION8/SESION8.runs/impl_1/lab_8.bit} [get_hw_devices xc7a100t_0]
program_hw_devices [get_hw_devices xc7a100t_0]
INFO: [Labtools 27-3164] End of startup status: HIGH
refresh_hw_device [lindex [get_hw_devices xc7a100t_0] 0]
INFO: [Labtools 27-1434] Device xc7a100t (JTAG device index = 0) is programmed with a design that has no supported debug core(s) in it.
reset_run synth_1
launch_runs impl_1 -to_step write_bitstream -jobs 4
INFO: [Vivado 12-4149] The synthesis checkpoint for IP 'C:/Users/ThePhonkey/Desktop/ELO212/SESION8/SESION8.srcs/sources_1/ip/clk_wiz_0/clk_wiz_0.xci' is already up-to-date
[Mon Aug 19 18:25:19 2019] Launched synth_1...
Run output will be captured here: C:/Users/ThePhonkey/Desktop/ELO212/SESION8/SESION8.runs/synth_1/runme.log
[Mon Aug 19 18:25:19 2019] Launched impl_1...
Run output will be captured here: C:/Users/ThePhonkey/Desktop/ELO212/SESION8/SESION8.runs/impl_1/runme.log
set_property PROBES.FILE {} [get_hw_devices xc7a100t_0]
set_property FULL_PROBES.FILE {} [get_hw_devices xc7a100t_0]
set_property PROGRAM.FILE {C:/Users/ThePhonkey/Desktop/ELO212/SESION8/SESION8.runs/impl_1/lab_8.bit} [get_hw_devices xc7a100t_0]
program_hw_devices [get_hw_devices xc7a100t_0]
INFO: [Labtools 27-3164] End of startup status: HIGH
refresh_hw_device [lindex [get_hw_devices xc7a100t_0] 0]
INFO: [Labtools 27-1434] Device xc7a100t (JTAG device index = 0) is programmed with a design that has no supported debug core(s) in it.
reset_run synth_1
launch_runs impl_1 -to_step write_bitstream -jobs 4
INFO: [Vivado 12-4149] The synthesis checkpoint for IP 'C:/Users/ThePhonkey/Desktop/ELO212/SESION8/SESION8.srcs/sources_1/ip/clk_wiz_0/clk_wiz_0.xci' is already up-to-date
[Mon Aug 19 18:48:49 2019] Launched synth_1...
Run output will be captured here: C:/Users/ThePhonkey/Desktop/ELO212/SESION8/SESION8.runs/synth_1/runme.log
[Mon Aug 19 18:48:49 2019] Launched impl_1...
Run output will be captured here: C:/Users/ThePhonkey/Desktop/ELO212/SESION8/SESION8.runs/impl_1/runme.log
set_property PROBES.FILE {} [get_hw_devices xc7a100t_0]
set_property FULL_PROBES.FILE {} [get_hw_devices xc7a100t_0]
set_property PROGRAM.FILE {C:/Users/ThePhonkey/Desktop/ELO212/SESION8/SESION8.runs/impl_1/lab_8.bit} [get_hw_devices xc7a100t_0]
program_hw_devices [get_hw_devices xc7a100t_0]
INFO: [Labtools 27-3164] End of startup status: HIGH
refresh_hw_device [lindex [get_hw_devices xc7a100t_0] 0]
INFO: [Labtools 27-1434] Device xc7a100t (JTAG device index = 0) is programmed with a design that has no supported debug core(s) in it.
reset_run synth_1
launch_runs impl_1 -to_step write_bitstream -jobs 4
INFO: [Vivado 12-4149] The synthesis checkpoint for IP 'C:/Users/ThePhonkey/Desktop/ELO212/SESION8/SESION8.srcs/sources_1/ip/clk_wiz_0/clk_wiz_0.xci' is already up-to-date
[Mon Aug 19 18:55:47 2019] Launched synth_1...
Run output will be captured here: C:/Users/ThePhonkey/Desktop/ELO212/SESION8/SESION8.runs/synth_1/runme.log
[Mon Aug 19 18:55:47 2019] Launched impl_1...
Run output will be captured here: C:/Users/ThePhonkey/Desktop/ELO212/SESION8/SESION8.runs/impl_1/runme.log
reset_run synth_1
launch_runs impl_1 -to_step write_bitstream -jobs 4
INFO: [Vivado 12-4149] The synthesis checkpoint for IP 'C:/Users/ThePhonkey/Desktop/ELO212/SESION8/SESION8.srcs/sources_1/ip/clk_wiz_0/clk_wiz_0.xci' is already up-to-date
[Mon Aug 19 18:56:36 2019] Launched synth_1...
Run output will be captured here: C:/Users/ThePhonkey/Desktop/ELO212/SESION8/SESION8.runs/synth_1/runme.log
[Mon Aug 19 18:56:36 2019] Launched impl_1...
Run output will be captured here: C:/Users/ThePhonkey/Desktop/ELO212/SESION8/SESION8.runs/impl_1/runme.log
reset_run synth_1
launch_runs impl_1 -to_step write_bitstream -jobs 4
INFO: [Vivado 12-4149] The synthesis checkpoint for IP 'C:/Users/ThePhonkey/Desktop/ELO212/SESION8/SESION8.srcs/sources_1/ip/clk_wiz_0/clk_wiz_0.xci' is already up-to-date
[Mon Aug 19 18:58:45 2019] Launched synth_1...
Run output will be captured here: C:/Users/ThePhonkey/Desktop/ELO212/SESION8/SESION8.runs/synth_1/runme.log
[Mon Aug 19 18:58:45 2019] Launched impl_1...
Run output will be captured here: C:/Users/ThePhonkey/Desktop/ELO212/SESION8/SESION8.runs/impl_1/runme.log
set_property PROBES.FILE {} [get_hw_devices xc7a100t_0]
set_property FULL_PROBES.FILE {} [get_hw_devices xc7a100t_0]
set_property PROGRAM.FILE {C:/Users/ThePhonkey/Desktop/ELO212/SESION8/SESION8.runs/impl_1/lab_8.bit} [get_hw_devices xc7a100t_0]
program_hw_devices [get_hw_devices xc7a100t_0]
INFO: [Labtools 27-3164] End of startup status: HIGH
refresh_hw_device [lindex [get_hw_devices xc7a100t_0] 0]
INFO: [Labtools 27-1434] Device xc7a100t (JTAG device index = 0) is programmed with a design that has no supported debug core(s) in it.
reset_run synth_1
launch_runs impl_1 -to_step write_bitstream -jobs 4
INFO: [Vivado 12-4149] The synthesis checkpoint for IP 'C:/Users/ThePhonkey/Desktop/ELO212/SESION8/SESION8.srcs/sources_1/ip/clk_wiz_0/clk_wiz_0.xci' is already up-to-date
[Mon Aug 19 19:14:22 2019] Launched synth_1...
Run output will be captured here: C:/Users/ThePhonkey/Desktop/ELO212/SESION8/SESION8.runs/synth_1/runme.log
[Mon Aug 19 19:14:22 2019] Launched impl_1...
Run output will be captured here: C:/Users/ThePhonkey/Desktop/ELO212/SESION8/SESION8.runs/impl_1/runme.log
set_property PROBES.FILE {} [get_hw_devices xc7a100t_0]
set_property FULL_PROBES.FILE {} [get_hw_devices xc7a100t_0]
set_property PROGRAM.FILE {C:/Users/ThePhonkey/Desktop/ELO212/SESION8/SESION8.runs/impl_1/lab_8.bit} [get_hw_devices xc7a100t_0]
program_hw_devices [get_hw_devices xc7a100t_0]
INFO: [Labtools 27-3164] End of startup status: HIGH
refresh_hw_device [lindex [get_hw_devices xc7a100t_0] 0]
INFO: [Labtools 27-1434] Device xc7a100t (JTAG device index = 0) is programmed with a design that has no supported debug core(s) in it.
reset_run synth_1
launch_runs impl_1 -to_step write_bitstream -jobs 4
INFO: [Vivado 12-4149] The synthesis checkpoint for IP 'C:/Users/ThePhonkey/Desktop/ELO212/SESION8/SESION8.srcs/sources_1/ip/clk_wiz_0/clk_wiz_0.xci' is already up-to-date
[Mon Aug 19 19:23:19 2019] Launched synth_1...
Run output will be captured here: C:/Users/ThePhonkey/Desktop/ELO212/SESION8/SESION8.runs/synth_1/runme.log
[Mon Aug 19 19:23:19 2019] Launched impl_1...
Run output will be captured here: C:/Users/ThePhonkey/Desktop/ELO212/SESION8/SESION8.runs/impl_1/runme.log
set_property PROBES.FILE {} [get_hw_devices xc7a100t_0]
set_property FULL_PROBES.FILE {} [get_hw_devices xc7a100t_0]
set_property PROGRAM.FILE {C:/Users/ThePhonkey/Desktop/ELO212/SESION8/SESION8.runs/impl_1/lab_8.bit} [get_hw_devices xc7a100t_0]
program_hw_devices [get_hw_devices xc7a100t_0]
INFO: [Labtools 27-3164] End of startup status: HIGH
refresh_hw_device [lindex [get_hw_devices xc7a100t_0] 0]
INFO: [Labtools 27-1434] Device xc7a100t (JTAG device index = 0) is programmed with a design that has no supported debug core(s) in it.
reset_run synth_1
launch_runs impl_1 -to_step write_bitstream -jobs 4
INFO: [Vivado 12-4149] The synthesis checkpoint for IP 'C:/Users/ThePhonkey/Desktop/ELO212/SESION8/SESION8.srcs/sources_1/ip/clk_wiz_0/clk_wiz_0.xci' is already up-to-date
[Mon Aug 19 19:30:12 2019] Launched synth_1...
Run output will be captured here: C:/Users/ThePhonkey/Desktop/ELO212/SESION8/SESION8.runs/synth_1/runme.log
[Mon Aug 19 19:30:12 2019] Launched impl_1...
Run output will be captured here: C:/Users/ThePhonkey/Desktop/ELO212/SESION8/SESION8.runs/impl_1/runme.log
set_property PROBES.FILE {} [get_hw_devices xc7a100t_0]
set_property FULL_PROBES.FILE {} [get_hw_devices xc7a100t_0]
set_property PROGRAM.FILE {C:/Users/ThePhonkey/Desktop/ELO212/SESION8/SESION8.runs/impl_1/lab_8.bit} [get_hw_devices xc7a100t_0]
program_hw_devices [get_hw_devices xc7a100t_0]
INFO: [Labtools 27-3164] End of startup status: HIGH
refresh_hw_device [lindex [get_hw_devices xc7a100t_0] 0]
INFO: [Labtools 27-1434] Device xc7a100t (JTAG device index = 0) is programmed with a design that has no supported debug core(s) in it.
reset_run synth_1
launch_runs impl_1 -to_step write_bitstream -jobs 4
INFO: [Vivado 12-4149] The synthesis checkpoint for IP 'C:/Users/ThePhonkey/Desktop/ELO212/SESION8/SESION8.srcs/sources_1/ip/clk_wiz_0/clk_wiz_0.xci' is already up-to-date
[Mon Aug 19 19:35:52 2019] Launched synth_1...
Run output will be captured here: C:/Users/ThePhonkey/Desktop/ELO212/SESION8/SESION8.runs/synth_1/runme.log
[Mon Aug 19 19:35:52 2019] Launched impl_1...
Run output will be captured here: C:/Users/ThePhonkey/Desktop/ELO212/SESION8/SESION8.runs/impl_1/runme.log
set_property PROBES.FILE {} [get_hw_devices xc7a100t_0]
set_property FULL_PROBES.FILE {} [get_hw_devices xc7a100t_0]
set_property PROGRAM.FILE {C:/Users/ThePhonkey/Desktop/ELO212/SESION8/SESION8.runs/impl_1/lab_8.bit} [get_hw_devices xc7a100t_0]
program_hw_devices [get_hw_devices xc7a100t_0]
INFO: [Labtools 27-3164] End of startup status: HIGH
refresh_hw_device [lindex [get_hw_devices xc7a100t_0] 0]
INFO: [Labtools 27-1434] Device xc7a100t (JTAG device index = 0) is programmed with a design that has no supported debug core(s) in it.
reset_run synth_1
launch_runs impl_1 -to_step write_bitstream -jobs 4
INFO: [Vivado 12-4149] The synthesis checkpoint for IP 'C:/Users/ThePhonkey/Desktop/ELO212/SESION8/SESION8.srcs/sources_1/ip/clk_wiz_0/clk_wiz_0.xci' is already up-to-date
[Mon Aug 19 19:40:05 2019] Launched synth_1...
Run output will be captured here: C:/Users/ThePhonkey/Desktop/ELO212/SESION8/SESION8.runs/synth_1/runme.log
[Mon Aug 19 19:40:05 2019] Launched impl_1...
Run output will be captured here: C:/Users/ThePhonkey/Desktop/ELO212/SESION8/SESION8.runs/impl_1/runme.log
set_property PROBES.FILE {} [get_hw_devices xc7a100t_0]
set_property FULL_PROBES.FILE {} [get_hw_devices xc7a100t_0]
set_property PROGRAM.FILE {C:/Users/ThePhonkey/Desktop/ELO212/SESION8/SESION8.runs/impl_1/lab_8.bit} [get_hw_devices xc7a100t_0]
program_hw_devices [get_hw_devices xc7a100t_0]
INFO: [Labtools 27-3164] End of startup status: HIGH
refresh_hw_device [lindex [get_hw_devices xc7a100t_0] 0]
INFO: [Labtools 27-1434] Device xc7a100t (JTAG device index = 0) is programmed with a design that has no supported debug core(s) in it.
reset_run synth_1
launch_runs impl_1 -to_step write_bitstream -jobs 4
INFO: [Vivado 12-4149] The synthesis checkpoint for IP 'C:/Users/ThePhonkey/Desktop/ELO212/SESION8/SESION8.srcs/sources_1/ip/clk_wiz_0/clk_wiz_0.xci' is already up-to-date
[Mon Aug 19 19:44:25 2019] Launched synth_1...
Run output will be captured here: C:/Users/ThePhonkey/Desktop/ELO212/SESION8/SESION8.runs/synth_1/runme.log
[Mon Aug 19 19:44:25 2019] Launched impl_1...
Run output will be captured here: C:/Users/ThePhonkey/Desktop/ELO212/SESION8/SESION8.runs/impl_1/runme.log
set_property PROBES.FILE {} [get_hw_devices xc7a100t_0]
set_property FULL_PROBES.FILE {} [get_hw_devices xc7a100t_0]
set_property PROGRAM.FILE {C:/Users/ThePhonkey/Desktop/ELO212/SESION8/SESION8.runs/impl_1/lab_8.bit} [get_hw_devices xc7a100t_0]
program_hw_devices [get_hw_devices xc7a100t_0]
INFO: [Labtools 27-3164] End of startup status: HIGH
refresh_hw_device [lindex [get_hw_devices xc7a100t_0] 0]
INFO: [Labtools 27-1434] Device xc7a100t (JTAG device index = 0) is programmed with a design that has no supported debug core(s) in it.
reset_run synth_1
launch_runs impl_1 -to_step write_bitstream -jobs 4
INFO: [Vivado 12-4149] The synthesis checkpoint for IP 'C:/Users/ThePhonkey/Desktop/ELO212/SESION8/SESION8.srcs/sources_1/ip/clk_wiz_0/clk_wiz_0.xci' is already up-to-date
[Mon Aug 19 19:48:42 2019] Launched synth_1...
Run output will be captured here: C:/Users/ThePhonkey/Desktop/ELO212/SESION8/SESION8.runs/synth_1/runme.log
[Mon Aug 19 19:48:42 2019] Launched impl_1...
Run output will be captured here: C:/Users/ThePhonkey/Desktop/ELO212/SESION8/SESION8.runs/impl_1/runme.log
reset_run synth_1
launch_runs impl_1 -to_step write_bitstream -jobs 4
INFO: [Vivado 12-4149] The synthesis checkpoint for IP 'C:/Users/ThePhonkey/Desktop/ELO212/SESION8/SESION8.srcs/sources_1/ip/clk_wiz_0/clk_wiz_0.xci' is already up-to-date
[Mon Aug 19 19:49:42 2019] Launched synth_1...
Run output will be captured here: C:/Users/ThePhonkey/Desktop/ELO212/SESION8/SESION8.runs/synth_1/runme.log
[Mon Aug 19 19:49:42 2019] Launched impl_1...
Run output will be captured here: C:/Users/ThePhonkey/Desktop/ELO212/SESION8/SESION8.runs/impl_1/runme.log
set_property PROBES.FILE {} [get_hw_devices xc7a100t_0]
set_property FULL_PROBES.FILE {} [get_hw_devices xc7a100t_0]
set_property PROGRAM.FILE {C:/Users/ThePhonkey/Desktop/ELO212/SESION8/SESION8.runs/impl_1/lab_8.bit} [get_hw_devices xc7a100t_0]
program_hw_devices [get_hw_devices xc7a100t_0]
INFO: [Labtools 27-3164] End of startup status: HIGH
refresh_hw_device [lindex [get_hw_devices xc7a100t_0] 0]
INFO: [Labtools 27-1434] Device xc7a100t (JTAG device index = 0) is programmed with a design that has no supported debug core(s) in it.
exit
INFO: [Common 17-206] Exiting Vivado at Mon Aug 19 19:55:01 2019...
