#-----------------------------------------------------------
# Vivado v2018.3 (64-bit)
# SW Build 2405991 on Thu Dec  6 23:38:27 MST 2018
# IP Build 2404404 on Fri Dec  7 01:43:56 MST 2018
# Start of session at: Tue Aug 20 13:18:54 2019
# Process ID: 9192
# Current directory: C:/Users/ThePhonkey/Desktop/ELO212/SESION8
# Command line: vivado.exe -gui_launcher_event rodinguilauncherevent4428 C:\Users\ThePhonkey\Desktop\ELO212\SESION8\SESION8.xpr
# Log file: C:/Users/ThePhonkey/Desktop/ELO212/SESION8/vivado.log
# Journal file: C:/Users/ThePhonkey/Desktop/ELO212/SESION8\vivado.jou
#-----------------------------------------------------------
start_gui
open_project C:/Users/ThePhonkey/Desktop/ELO212/SESION8/SESION8.xpr
Scanning sources...
Finished scanning sources
INFO: [IP_Flow 19-234] Refreshing IP repositories
INFO: [IP_Flow 19-1704] No user IP repositories specified
INFO: [IP_Flow 19-2313] Loaded Vivado IP repository 'C:/Xilinx/Vivado/2018.3/data/ip'.
open_project: Time (s): cpu = 00:00:16 ; elapsed = 00:00:08 . Memory (MB): peak = 667.250 ; gain = 92.363
update_compile_order -fileset sources_1
open_hw
connect_hw_server
INFO: [Labtools 27-2285] Connecting to hw_server url TCP:localhost:3121
INFO: [Labtools 27-2222] Launching hw_server...
INFO: [Labtools 27-2221] Launch Output:

****** Xilinx hw_server v2018.3
  **** Build date : Dec  7 2018-00:40:27
    ** Copyright 1986-2018 Xilinx, Inc. All Rights Reserved.


open_hw_target
INFO: [Labtoolstcl 44-466] Opening hw_target localhost:3121/xilinx_tcf/Digilent/210292708913A
set_property PROGRAM.FILE {C:/Users/ThePhonkey/Desktop/ELO212/SESION8/SESION8.runs/impl_1/lab_8.bit} [get_hw_devices xc7a100t_0]
current_hw_device [get_hw_devices xc7a100t_0]
refresh_hw_device -update_hw_probes false [lindex [get_hw_devices xc7a100t_0] 0]
INFO: [Labtools 27-1434] Device xc7a100t (JTAG device index = 0) is programmed with a design that has no supported debug core(s) in it.
set_property PROBES.FILE {} [get_hw_devices xc7a100t_0]
set_property FULL_PROBES.FILE {} [get_hw_devices xc7a100t_0]
set_property PROGRAM.FILE {C:/Users/ThePhonkey/Desktop/ELO212/SESION8/SESION8.runs/impl_1/lab_8.bit} [get_hw_devices xc7a100t_0]
program_hw_devices [get_hw_devices xc7a100t_0]
INFO: [Labtools 27-3164] End of startup status: HIGH
refresh_hw_device [lindex [get_hw_devices xc7a100t_0] 0]
INFO: [Labtools 27-1434] Device xc7a100t (JTAG device index = 0) is programmed with a design that has no supported debug core(s) in it.
close [ open C:/Users/ThePhonkey/Desktop/ELO212/SESION8/SESION8.srcs/sources_1/new/digito_in.sv w ]
add_files C:/Users/ThePhonkey/Desktop/ELO212/SESION8/SESION8.srcs/sources_1/new/digito_in.sv
update_compile_order -fileset sources_1
close [ open C:/Users/ThePhonkey/Desktop/ELO212/SESION8/SESION8.srcs/sources_1/new/FSM_principal.sv w ]
add_files C:/Users/ThePhonkey/Desktop/ELO212/SESION8/SESION8.srcs/sources_1/new/FSM_principal.sv
update_compile_order -fileset sources_1
set_property PROBES.FILE {} [get_hw_devices xc7a100t_0]
set_property FULL_PROBES.FILE {} [get_hw_devices xc7a100t_0]
set_property PROGRAM.FILE {C:/Users/ThePhonkey/Desktop/ELO212/lab_8.bit} [get_hw_devices xc7a100t_0]
program_hw_devices [get_hw_devices xc7a100t_0]
INFO: [Labtools 27-3164] End of startup status: HIGH
refresh_hw_device [lindex [get_hw_devices xc7a100t_0] 0]
INFO: [Labtools 27-1434] Device xc7a100t (JTAG device index = 0) is programmed with a design that has no supported debug core(s) in it.
ERROR: [Labtoolstcl 44-513] HW Target shutdown. Closing target: localhost:3121/xilinx_tcf/Digilent/210292708913A
update_compile_order -fileset sources_1
