#-----------------------------------------------------------
# Vivado v2018.3 (64-bit)
# SW Build 2405991 on Thu Dec  6 23:38:27 MST 2018
# IP Build 2404404 on Fri Dec  7 01:43:56 MST 2018
# Start of session at: Wed Aug 21 11:52:44 2019
# Process ID: 14956
# Current directory: C:/Users/ThePhonkey/Desktop/ELO212/SESION8
# Command line: vivado.exe -gui_launcher_event rodinguilauncherevent12264 C:\Users\ThePhonkey\Desktop\ELO212\SESION8\SESION8.xpr
# Log file: C:/Users/ThePhonkey/Desktop/ELO212/SESION8/vivado.log
# Journal file: C:/Users/ThePhonkey/Desktop/ELO212/SESION8\vivado.jou
#-----------------------------------------------------------
start_gui
open_project C:/Users/ThePhonkey/Desktop/ELO212/SESION8/SESION8.xpr
Scanning sources...
Finished scanning sources
INFO: [IP_Flow 19-234] Refreshing IP repositories
INFO: [IP_Flow 19-1704] No user IP repositories specified
INFO: [IP_Flow 19-2313] Loaded Vivado IP repository 'C:/Xilinx/Vivado/2018.3/data/ip'.
open_project: Time (s): cpu = 00:00:31 ; elapsed = 00:00:12 . Memory (MB): peak = 708.184 ; gain = 89.836
update_compile_order -fileset sources_1
reset_run synth_1
launch_runs impl_1 -to_step write_bitstream -jobs 4
INFO: [Vivado 12-4149] The synthesis checkpoint for IP 'C:/Users/ThePhonkey/Desktop/ELO212/SESION8/SESION8.srcs/sources_1/ip/clk_wiz_0/clk_wiz_0.xci' is already up-to-date
[Wed Aug 21 12:37:45 2019] Launched synth_1...
Run output will be captured here: C:/Users/ThePhonkey/Desktop/ELO212/SESION8/SESION8.runs/synth_1/runme.log
[Wed Aug 21 12:37:45 2019] Launched impl_1...
Run output will be captured here: C:/Users/ThePhonkey/Desktop/ELO212/SESION8/SESION8.runs/impl_1/runme.log
open_hw
connect_hw_server
INFO: [Labtools 27-2285] Connecting to hw_server url TCP:localhost:3121
INFO: [Labtools 27-2222] Launching hw_server...
INFO: [Labtools 27-2221] Launch Output:

****** Xilinx hw_server v2018.3
  **** Build date : Dec  7 2018-00:40:27
    ** Copyright 1986-2018 Xilinx, Inc. All Rights Reserved.


open_hw_target
INFO: [Labtoolstcl 44-466] Opening hw_target localhost:3121/xilinx_tcf/Digilent/210292708913A
open_hw_target: Time (s): cpu = 00:00:06 ; elapsed = 00:00:05 . Memory (MB): peak = 1727.113 ; gain = 932.273
set_property PROGRAM.FILE {C:/Users/ThePhonkey/Desktop/ELO212/SESION8/SESION8.runs/impl_1/lab_8.bit} [get_hw_devices xc7a100t_0]
current_hw_device [get_hw_devices xc7a100t_0]
refresh_hw_device -update_hw_probes false [lindex [get_hw_devices xc7a100t_0] 0]
INFO: [Labtools 27-1434] Device xc7a100t (JTAG device index = 0) is programmed with a design that has no supported debug core(s) in it.
set_property PROBES.FILE {} [get_hw_devices xc7a100t_0]
set_property FULL_PROBES.FILE {} [get_hw_devices xc7a100t_0]
set_property PROGRAM.FILE {C:/Users/ThePhonkey/Desktop/ELO212/SESION8/SESION8.runs/impl_1/lab_8.bit} [get_hw_devices xc7a100t_0]
program_hw_devices [get_hw_devices xc7a100t_0]
INFO: [Labtools 27-3164] End of startup status: HIGH
refresh_hw_device [lindex [get_hw_devices xc7a100t_0] 0]
INFO: [Labtools 27-1434] Device xc7a100t (JTAG device index = 0) is programmed with a design that has no supported debug core(s) in it.
ERROR: [Labtoolstcl 44-513] HW Target shutdown. Closing target: localhost:3121/xilinx_tcf/Digilent/210292708913A
update_compile_order -fileset sources_1
update_compile_order -fileset sources_1
reset_run synth_1
launch_runs impl_1 -to_step write_bitstream -jobs 4
INFO: [Vivado 12-4149] The synthesis checkpoint for IP 'C:/Users/ThePhonkey/Desktop/ELO212/SESION8/SESION8.srcs/sources_1/ip/clk_wiz_0/clk_wiz_0.xci' is already up-to-date
[Wed Aug 21 12:57:43 2019] Launched synth_1...
Run output will be captured here: C:/Users/ThePhonkey/Desktop/ELO212/SESION8/SESION8.runs/synth_1/runme.log
[Wed Aug 21 12:57:44 2019] Launched impl_1...
Run output will be captured here: C:/Users/ThePhonkey/Desktop/ELO212/SESION8/SESION8.runs/impl_1/runme.log
INFO: [Labtoolstcl 44-466] Opening hw_target localhost:3121/xilinx_tcf/Digilent/210292708913A
INFO: [Labtools 27-1435] Device xc7a100t (JTAG device index = 0) is not programmed (DONE status = 0).
WARNING: [Labtoolstcl 44-129] No matching hw_ila_data was found.
reset_run synth_1
launch_runs impl_1 -to_step write_bitstream -jobs 4
INFO: [Vivado 12-4149] The synthesis checkpoint for IP 'C:/Users/ThePhonkey/Desktop/ELO212/SESION8/SESION8.srcs/sources_1/ip/clk_wiz_0/clk_wiz_0.xci' is already up-to-date
[Wed Aug 21 12:58:11 2019] Launched synth_1...
Run output will be captured here: C:/Users/ThePhonkey/Desktop/ELO212/SESION8/SESION8.runs/synth_1/runme.log
[Wed Aug 21 12:58:11 2019] Launched impl_1...
Run output will be captured here: C:/Users/ThePhonkey/Desktop/ELO212/SESION8/SESION8.runs/impl_1/runme.log
ERROR: [Labtoolstcl 44-513] HW Target shutdown. Closing target: localhost:3121/xilinx_tcf/Digilent/210292708913A
reset_run synth_1
launch_runs impl_1 -to_step write_bitstream -jobs 4
INFO: [Vivado 12-4149] The synthesis checkpoint for IP 'C:/Users/ThePhonkey/Desktop/ELO212/SESION8/SESION8.srcs/sources_1/ip/clk_wiz_0/clk_wiz_0.xci' is already up-to-date
[Wed Aug 21 12:58:55 2019] Launched synth_1...
Run output will be captured here: C:/Users/ThePhonkey/Desktop/ELO212/SESION8/SESION8.runs/synth_1/runme.log
[Wed Aug 21 12:58:55 2019] Launched impl_1...
Run output will be captured here: C:/Users/ThePhonkey/Desktop/ELO212/SESION8/SESION8.runs/impl_1/runme.log
reset_run synth_1
launch_runs impl_1 -to_step write_bitstream -jobs 4
INFO: [Vivado 12-4149] The synthesis checkpoint for IP 'C:/Users/ThePhonkey/Desktop/ELO212/SESION8/SESION8.srcs/sources_1/ip/clk_wiz_0/clk_wiz_0.xci' is already up-to-date
[Wed Aug 21 12:59:33 2019] Launched synth_1...
Run output will be captured here: C:/Users/ThePhonkey/Desktop/ELO212/SESION8/SESION8.runs/synth_1/runme.log
[Wed Aug 21 12:59:33 2019] Launched impl_1...
Run output will be captured here: C:/Users/ThePhonkey/Desktop/ELO212/SESION8/SESION8.runs/impl_1/runme.log
reset_run synth_1
launch_runs impl_1 -to_step write_bitstream -jobs 4
INFO: [Vivado 12-4149] The synthesis checkpoint for IP 'C:/Users/ThePhonkey/Desktop/ELO212/SESION8/SESION8.srcs/sources_1/ip/clk_wiz_0/clk_wiz_0.xci' is already up-to-date
[Wed Aug 21 13:12:18 2019] Launched synth_1...
Run output will be captured here: C:/Users/ThePhonkey/Desktop/ELO212/SESION8/SESION8.runs/synth_1/runme.log
[Wed Aug 21 13:12:18 2019] Launched impl_1...
Run output will be captured here: C:/Users/ThePhonkey/Desktop/ELO212/SESION8/SESION8.runs/impl_1/runme.log
reset_run synth_1
launch_runs impl_1 -to_step write_bitstream -jobs 4
INFO: [Vivado 12-4149] The synthesis checkpoint for IP 'C:/Users/ThePhonkey/Desktop/ELO212/SESION8/SESION8.srcs/sources_1/ip/clk_wiz_0/clk_wiz_0.xci' is already up-to-date
[Wed Aug 21 13:14:53 2019] Launched synth_1...
Run output will be captured here: C:/Users/ThePhonkey/Desktop/ELO212/SESION8/SESION8.runs/synth_1/runme.log
[Wed Aug 21 13:14:53 2019] Launched impl_1...
Run output will be captured here: C:/Users/ThePhonkey/Desktop/ELO212/SESION8/SESION8.runs/impl_1/runme.log
reset_run synth_1
launch_runs impl_1 -to_step write_bitstream -jobs 4
INFO: [Vivado 12-4149] The synthesis checkpoint for IP 'C:/Users/ThePhonkey/Desktop/ELO212/SESION8/SESION8.srcs/sources_1/ip/clk_wiz_0/clk_wiz_0.xci' is already up-to-date
[Wed Aug 21 13:17:11 2019] Launched synth_1...
Run output will be captured here: C:/Users/ThePhonkey/Desktop/ELO212/SESION8/SESION8.runs/synth_1/runme.log
[Wed Aug 21 13:17:11 2019] Launched impl_1...
Run output will be captured here: C:/Users/ThePhonkey/Desktop/ELO212/SESION8/SESION8.runs/impl_1/runme.log
INFO: [Labtoolstcl 44-466] Opening hw_target localhost:3121/xilinx_tcf/Digilent/210292708913A
INFO: [Labtools 27-1435] Device xc7a100t (JTAG device index = 0) is not programmed (DONE status = 0).
WARNING: [Labtoolstcl 44-129] No matching hw_ila_data was found.
refresh_hw_device [lindex [get_hw_devices xc7a100t_0] 0]
INFO: [Labtools 27-1435] Device xc7a100t (JTAG device index = 0) is not programmed (DONE status = 0).
set_property PROBES.FILE {} [get_hw_devices xc7a100t_0]
set_property FULL_PROBES.FILE {} [get_hw_devices xc7a100t_0]
set_property PROGRAM.FILE {C:/Users/ThePhonkey/Desktop/ELO212/SESION8/SESION8.runs/impl_1/lab_8.bit} [get_hw_devices xc7a100t_0]
program_hw_devices [get_hw_devices xc7a100t_0]
INFO: [Labtools 27-3164] End of startup status: HIGH
refresh_hw_device [lindex [get_hw_devices xc7a100t_0] 0]
INFO: [Labtools 27-1434] Device xc7a100t (JTAG device index = 0) is programmed with a design that has no supported debug core(s) in it.
ERROR: [Labtoolstcl 44-513] HW Target shutdown. Closing target: localhost:3121/xilinx_tcf/Digilent/210292708913A
INFO: [Labtoolstcl 44-466] Opening hw_target localhost:3121/xilinx_tcf/Digilent/210292708913A
INFO: [Labtools 27-1435] Device xc7a100t (JTAG device index = 0) is not programmed (DONE status = 0).
WARNING: [Labtoolstcl 44-129] No matching hw_ila_data was found.
set_property PROBES.FILE {} [get_hw_devices xc7a100t_0]
set_property FULL_PROBES.FILE {} [get_hw_devices xc7a100t_0]
set_property PROGRAM.FILE {C:/Users/ThePhonkey/Desktop/ELO212/SESION8/SESION8.runs/impl_1/lab_8.bit} [get_hw_devices xc7a100t_0]
program_hw_devices [get_hw_devices xc7a100t_0]
INFO: [Labtools 27-3164] End of startup status: HIGH
refresh_hw_device [lindex [get_hw_devices xc7a100t_0] 0]
INFO: [Labtools 27-1434] Device xc7a100t (JTAG device index = 0) is programmed with a design that has no supported debug core(s) in it.
reset_run synth_1
launch_runs impl_1 -to_step write_bitstream -jobs 4
INFO: [Vivado 12-4149] The synthesis checkpoint for IP 'C:/Users/ThePhonkey/Desktop/ELO212/SESION8/SESION8.srcs/sources_1/ip/clk_wiz_0/clk_wiz_0.xci' is already up-to-date
[Wed Aug 21 14:19:10 2019] Launched synth_1...
Run output will be captured here: C:/Users/ThePhonkey/Desktop/ELO212/SESION8/SESION8.runs/synth_1/runme.log
[Wed Aug 21 14:19:10 2019] Launched impl_1...
Run output will be captured here: C:/Users/ThePhonkey/Desktop/ELO212/SESION8/SESION8.runs/impl_1/runme.log
set_property PROBES.FILE {} [get_hw_devices xc7a100t_0]
set_property FULL_PROBES.FILE {} [get_hw_devices xc7a100t_0]
set_property PROGRAM.FILE {C:/Users/ThePhonkey/Desktop/ELO212/SESION8/SESION8.runs/impl_1/lab_8.bit} [get_hw_devices xc7a100t_0]
program_hw_devices [get_hw_devices xc7a100t_0]
INFO: [Labtools 27-3164] End of startup status: HIGH
refresh_hw_device [lindex [get_hw_devices xc7a100t_0] 0]
INFO: [Labtools 27-1434] Device xc7a100t (JTAG device index = 0) is programmed with a design that has no supported debug core(s) in it.
reset_run synth_1
launch_runs impl_1 -to_step write_bitstream -jobs 4
INFO: [Vivado 12-4149] The synthesis checkpoint for IP 'C:/Users/ThePhonkey/Desktop/ELO212/SESION8/SESION8.srcs/sources_1/ip/clk_wiz_0/clk_wiz_0.xci' is already up-to-date
[Wed Aug 21 15:00:08 2019] Launched synth_1...
Run output will be captured here: C:/Users/ThePhonkey/Desktop/ELO212/SESION8/SESION8.runs/synth_1/runme.log
[Wed Aug 21 15:00:08 2019] Launched impl_1...
Run output will be captured here: C:/Users/ThePhonkey/Desktop/ELO212/SESION8/SESION8.runs/impl_1/runme.log
set_property PROBES.FILE {} [get_hw_devices xc7a100t_0]
set_property FULL_PROBES.FILE {} [get_hw_devices xc7a100t_0]
set_property PROGRAM.FILE {C:/Users/ThePhonkey/Desktop/ELO212/SESION8/SESION8.runs/impl_1/lab_8.bit} [get_hw_devices xc7a100t_0]
program_hw_devices [get_hw_devices xc7a100t_0]
INFO: [Labtools 27-3164] End of startup status: HIGH
refresh_hw_device [lindex [get_hw_devices xc7a100t_0] 0]
INFO: [Labtools 27-1434] Device xc7a100t (JTAG device index = 0) is programmed with a design that has no supported debug core(s) in it.
reset_run synth_1
launch_runs impl_1 -to_step write_bitstream -jobs 4
INFO: [Vivado 12-4149] The synthesis checkpoint for IP 'C:/Users/ThePhonkey/Desktop/ELO212/SESION8/SESION8.srcs/sources_1/ip/clk_wiz_0/clk_wiz_0.xci' is already up-to-date
[Wed Aug 21 15:18:06 2019] Launched synth_1...
Run output will be captured here: C:/Users/ThePhonkey/Desktop/ELO212/SESION8/SESION8.runs/synth_1/runme.log
[Wed Aug 21 15:18:06 2019] Launched impl_1...
Run output will be captured here: C:/Users/ThePhonkey/Desktop/ELO212/SESION8/SESION8.runs/impl_1/runme.log
set_property PROBES.FILE {} [get_hw_devices xc7a100t_0]
set_property FULL_PROBES.FILE {} [get_hw_devices xc7a100t_0]
set_property PROGRAM.FILE {C:/Users/ThePhonkey/Desktop/ELO212/SESION8/SESION8.runs/impl_1/lab_8.bit} [get_hw_devices xc7a100t_0]
program_hw_devices [get_hw_devices xc7a100t_0]
INFO: [Labtools 27-3164] End of startup status: HIGH
refresh_hw_device [lindex [get_hw_devices xc7a100t_0] 0]
INFO: [Labtools 27-1434] Device xc7a100t (JTAG device index = 0) is programmed with a design that has no supported debug core(s) in it.
reset_run synth_1
launch_runs impl_1 -to_step write_bitstream -jobs 4
INFO: [Vivado 12-4149] The synthesis checkpoint for IP 'C:/Users/ThePhonkey/Desktop/ELO212/SESION8/SESION8.srcs/sources_1/ip/clk_wiz_0/clk_wiz_0.xci' is already up-to-date
[Wed Aug 21 15:28:05 2019] Launched synth_1...
Run output will be captured here: C:/Users/ThePhonkey/Desktop/ELO212/SESION8/SESION8.runs/synth_1/runme.log
[Wed Aug 21 15:28:05 2019] Launched impl_1...
Run output will be captured here: C:/Users/ThePhonkey/Desktop/ELO212/SESION8/SESION8.runs/impl_1/runme.log
set_property PROBES.FILE {} [get_hw_devices xc7a100t_0]
set_property FULL_PROBES.FILE {} [get_hw_devices xc7a100t_0]
set_property PROGRAM.FILE {C:/Users/ThePhonkey/Desktop/ELO212/SESION8/SESION8.runs/impl_1/lab_8.bit} [get_hw_devices xc7a100t_0]
program_hw_devices [get_hw_devices xc7a100t_0]
INFO: [Labtools 27-3164] End of startup status: HIGH
refresh_hw_device [lindex [get_hw_devices xc7a100t_0] 0]
INFO: [Labtools 27-1434] Device xc7a100t (JTAG device index = 0) is programmed with a design that has no supported debug core(s) in it.
reset_run synth_1
launch_runs impl_1 -to_step write_bitstream -jobs 4
INFO: [Vivado 12-4149] The synthesis checkpoint for IP 'C:/Users/ThePhonkey/Desktop/ELO212/SESION8/SESION8.srcs/sources_1/ip/clk_wiz_0/clk_wiz_0.xci' is already up-to-date
[Wed Aug 21 15:40:20 2019] Launched synth_1...
Run output will be captured here: C:/Users/ThePhonkey/Desktop/ELO212/SESION8/SESION8.runs/synth_1/runme.log
[Wed Aug 21 15:40:20 2019] Launched impl_1...
Run output will be captured here: C:/Users/ThePhonkey/Desktop/ELO212/SESION8/SESION8.runs/impl_1/runme.log
reset_run synth_1
launch_runs impl_1 -to_step write_bitstream -jobs 4
INFO: [Vivado 12-4149] The synthesis checkpoint for IP 'C:/Users/ThePhonkey/Desktop/ELO212/SESION8/SESION8.srcs/sources_1/ip/clk_wiz_0/clk_wiz_0.xci' is already up-to-date
[Wed Aug 21 15:50:49 2019] Launched synth_1...
Run output will be captured here: C:/Users/ThePhonkey/Desktop/ELO212/SESION8/SESION8.runs/synth_1/runme.log
[Wed Aug 21 15:50:49 2019] Launched impl_1...
Run output will be captured here: C:/Users/ThePhonkey/Desktop/ELO212/SESION8/SESION8.runs/impl_1/runme.log
reset_run synth_1
launch_runs impl_1 -to_step write_bitstream -jobs 4
INFO: [Vivado 12-4149] The synthesis checkpoint for IP 'C:/Users/ThePhonkey/Desktop/ELO212/SESION8/SESION8.srcs/sources_1/ip/clk_wiz_0/clk_wiz_0.xci' is already up-to-date
[Wed Aug 21 15:51:46 2019] Launched synth_1...
Run output will be captured here: C:/Users/ThePhonkey/Desktop/ELO212/SESION8/SESION8.runs/synth_1/runme.log
[Wed Aug 21 15:51:46 2019] Launched impl_1...
Run output will be captured here: C:/Users/ThePhonkey/Desktop/ELO212/SESION8/SESION8.runs/impl_1/runme.log
reset_run synth_1
launch_runs impl_1 -to_step write_bitstream -jobs 4
INFO: [Vivado 12-4149] The synthesis checkpoint for IP 'C:/Users/ThePhonkey/Desktop/ELO212/SESION8/SESION8.srcs/sources_1/ip/clk_wiz_0/clk_wiz_0.xci' is already up-to-date
[Wed Aug 21 15:53:11 2019] Launched synth_1...
Run output will be captured here: C:/Users/ThePhonkey/Desktop/ELO212/SESION8/SESION8.runs/synth_1/runme.log
[Wed Aug 21 15:53:11 2019] Launched impl_1...
Run output will be captured here: C:/Users/ThePhonkey/Desktop/ELO212/SESION8/SESION8.runs/impl_1/runme.log
reset_run synth_1
launch_runs impl_1 -to_step write_bitstream -jobs 4
INFO: [Vivado 12-4149] The synthesis checkpoint for IP 'C:/Users/ThePhonkey/Desktop/ELO212/SESION8/SESION8.srcs/sources_1/ip/clk_wiz_0/clk_wiz_0.xci' is already up-to-date
[Wed Aug 21 15:55:02 2019] Launched synth_1...
Run output will be captured here: C:/Users/ThePhonkey/Desktop/ELO212/SESION8/SESION8.runs/synth_1/runme.log
[Wed Aug 21 15:55:02 2019] Launched impl_1...
Run output will be captured here: C:/Users/ThePhonkey/Desktop/ELO212/SESION8/SESION8.runs/impl_1/runme.log
set_property PROBES.FILE {} [get_hw_devices xc7a100t_0]
set_property FULL_PROBES.FILE {} [get_hw_devices xc7a100t_0]
set_property PROGRAM.FILE {C:/Users/ThePhonkey/Desktop/ELO212/SESION8/SESION8.runs/impl_1/lab_8.bit} [get_hw_devices xc7a100t_0]
program_hw_devices [get_hw_devices xc7a100t_0]
INFO: [Labtools 27-3164] End of startup status: HIGH
refresh_hw_device [lindex [get_hw_devices xc7a100t_0] 0]
INFO: [Labtools 27-1434] Device xc7a100t (JTAG device index = 0) is programmed with a design that has no supported debug core(s) in it.
reset_run synth_1
launch_runs impl_1 -to_step write_bitstream -jobs 4
INFO: [Vivado 12-4149] The synthesis checkpoint for IP 'C:/Users/ThePhonkey/Desktop/ELO212/SESION8/SESION8.srcs/sources_1/ip/clk_wiz_0/clk_wiz_0.xci' is already up-to-date
[Wed Aug 21 16:00:31 2019] Launched synth_1...
Run output will be captured here: C:/Users/ThePhonkey/Desktop/ELO212/SESION8/SESION8.runs/synth_1/runme.log
[Wed Aug 21 16:00:31 2019] Launched impl_1...
Run output will be captured here: C:/Users/ThePhonkey/Desktop/ELO212/SESION8/SESION8.runs/impl_1/runme.log
close [ open C:/Users/ThePhonkey/Desktop/ELO212/SESION8/SESION8.srcs/sources_1/new/dec_switcher.sv w ]
add_files C:/Users/ThePhonkey/Desktop/ELO212/SESION8/SESION8.srcs/sources_1/new/dec_switcher.sv
update_compile_order -fileset sources_1
set_property PROBES.FILE {} [get_hw_devices xc7a100t_0]
set_property FULL_PROBES.FILE {} [get_hw_devices xc7a100t_0]
set_property PROGRAM.FILE {C:/Users/ThePhonkey/Desktop/ELO212/SESION8/SESION8.runs/impl_1/lab_8.bit} [get_hw_devices xc7a100t_0]
program_hw_devices [get_hw_devices xc7a100t_0]
INFO: [Labtools 27-3164] End of startup status: HIGH
refresh_hw_device [lindex [get_hw_devices xc7a100t_0] 0]
INFO: [Labtools 27-1434] Device xc7a100t (JTAG device index = 0) is programmed with a design that has no supported debug core(s) in it.
reset_run synth_1
launch_runs impl_1 -to_step write_bitstream -jobs 4
INFO: [Vivado 12-4149] The synthesis checkpoint for IP 'C:/Users/ThePhonkey/Desktop/ELO212/SESION8/SESION8.srcs/sources_1/ip/clk_wiz_0/clk_wiz_0.xci' is already up-to-date
[Wed Aug 21 16:12:47 2019] Launched synth_1...
Run output will be captured here: C:/Users/ThePhonkey/Desktop/ELO212/SESION8/SESION8.runs/synth_1/runme.log
[Wed Aug 21 16:12:47 2019] Launched impl_1...
Run output will be captured here: C:/Users/ThePhonkey/Desktop/ELO212/SESION8/SESION8.runs/impl_1/runme.log
reset_run synth_1
launch_runs impl_1 -to_step write_bitstream -jobs 4
INFO: [Vivado 12-4149] The synthesis checkpoint for IP 'C:/Users/ThePhonkey/Desktop/ELO212/SESION8/SESION8.srcs/sources_1/ip/clk_wiz_0/clk_wiz_0.xci' is already up-to-date
[Wed Aug 21 16:13:29 2019] Launched synth_1...
Run output will be captured here: C:/Users/ThePhonkey/Desktop/ELO212/SESION8/SESION8.runs/synth_1/runme.log
[Wed Aug 21 16:13:29 2019] Launched impl_1...
Run output will be captured here: C:/Users/ThePhonkey/Desktop/ELO212/SESION8/SESION8.runs/impl_1/runme.log
set_property PROBES.FILE {} [get_hw_devices xc7a100t_0]
set_property FULL_PROBES.FILE {} [get_hw_devices xc7a100t_0]
set_property PROGRAM.FILE {C:/Users/ThePhonkey/Desktop/ELO212/SESION8/SESION8.runs/impl_1/lab_8.bit} [get_hw_devices xc7a100t_0]
program_hw_devices [get_hw_devices xc7a100t_0]
INFO: [Labtools 27-3164] End of startup status: HIGH
refresh_hw_device [lindex [get_hw_devices xc7a100t_0] 0]
INFO: [Labtools 27-1434] Device xc7a100t (JTAG device index = 0) is programmed with a design that has no supported debug core(s) in it.
reset_run synth_1
launch_runs impl_1 -to_step write_bitstream -jobs 4
INFO: [Vivado 12-4149] The synthesis checkpoint for IP 'C:/Users/ThePhonkey/Desktop/ELO212/SESION8/SESION8.srcs/sources_1/ip/clk_wiz_0/clk_wiz_0.xci' is already up-to-date
[Wed Aug 21 16:18:56 2019] Launched synth_1...
Run output will be captured here: C:/Users/ThePhonkey/Desktop/ELO212/SESION8/SESION8.runs/synth_1/runme.log
[Wed Aug 21 16:18:56 2019] Launched impl_1...
Run output will be captured here: C:/Users/ThePhonkey/Desktop/ELO212/SESION8/SESION8.runs/impl_1/runme.log
set_property PROBES.FILE {} [get_hw_devices xc7a100t_0]
set_property FULL_PROBES.FILE {} [get_hw_devices xc7a100t_0]
set_property PROGRAM.FILE {C:/Users/ThePhonkey/Desktop/ELO212/SESION8/SESION8.runs/impl_1/lab_8.bit} [get_hw_devices xc7a100t_0]
program_hw_devices [get_hw_devices xc7a100t_0]
INFO: [Labtools 27-3164] End of startup status: HIGH
refresh_hw_device [lindex [get_hw_devices xc7a100t_0] 0]
INFO: [Labtools 27-1434] Device xc7a100t (JTAG device index = 0) is programmed with a design that has no supported debug core(s) in it.
reset_run synth_1
launch_runs impl_1 -to_step write_bitstream -jobs 4
INFO: [Vivado 12-4149] The synthesis checkpoint for IP 'C:/Users/ThePhonkey/Desktop/ELO212/SESION8/SESION8.srcs/sources_1/ip/clk_wiz_0/clk_wiz_0.xci' is already up-to-date
[Wed Aug 21 16:26:30 2019] Launched synth_1...
Run output will be captured here: C:/Users/ThePhonkey/Desktop/ELO212/SESION8/SESION8.runs/synth_1/runme.log
[Wed Aug 21 16:26:30 2019] Launched impl_1...
Run output will be captured here: C:/Users/ThePhonkey/Desktop/ELO212/SESION8/SESION8.runs/impl_1/runme.log
set_property PROBES.FILE {} [get_hw_devices xc7a100t_0]
set_property FULL_PROBES.FILE {} [get_hw_devices xc7a100t_0]
set_property PROGRAM.FILE {C:/Users/ThePhonkey/Desktop/ELO212/SESION8/SESION8.runs/impl_1/lab_8.bit} [get_hw_devices xc7a100t_0]
program_hw_devices [get_hw_devices xc7a100t_0]
INFO: [Labtools 27-3164] End of startup status: HIGH
refresh_hw_device [lindex [get_hw_devices xc7a100t_0] 0]
INFO: [Labtools 27-1434] Device xc7a100t (JTAG device index = 0) is programmed with a design that has no supported debug core(s) in it.
reset_run synth_1
launch_runs impl_1 -to_step write_bitstream -jobs 4
INFO: [Vivado 12-4149] The synthesis checkpoint for IP 'C:/Users/ThePhonkey/Desktop/ELO212/SESION8/SESION8.srcs/sources_1/ip/clk_wiz_0/clk_wiz_0.xci' is already up-to-date
[Wed Aug 21 16:36:19 2019] Launched synth_1...
Run output will be captured here: C:/Users/ThePhonkey/Desktop/ELO212/SESION8/SESION8.runs/synth_1/runme.log
[Wed Aug 21 16:36:19 2019] Launched impl_1...
Run output will be captured here: C:/Users/ThePhonkey/Desktop/ELO212/SESION8/SESION8.runs/impl_1/runme.log
set_property PROBES.FILE {} [get_hw_devices xc7a100t_0]
set_property FULL_PROBES.FILE {} [get_hw_devices xc7a100t_0]
set_property PROGRAM.FILE {C:/Users/ThePhonkey/Desktop/ELO212/SESION8/SESION8.runs/impl_1/lab_8.bit} [get_hw_devices xc7a100t_0]
program_hw_devices [get_hw_devices xc7a100t_0]
INFO: [Labtools 27-3164] End of startup status: HIGH
refresh_hw_device [lindex [get_hw_devices xc7a100t_0] 0]
INFO: [Labtools 27-1434] Device xc7a100t (JTAG device index = 0) is programmed with a design that has no supported debug core(s) in it.
reset_run synth_1
launch_runs impl_1 -to_step write_bitstream -jobs 4
INFO: [Vivado 12-4149] The synthesis checkpoint for IP 'C:/Users/ThePhonkey/Desktop/ELO212/SESION8/SESION8.srcs/sources_1/ip/clk_wiz_0/clk_wiz_0.xci' is already up-to-date
[Wed Aug 21 16:40:53 2019] Launched synth_1...
Run output will be captured here: C:/Users/ThePhonkey/Desktop/ELO212/SESION8/SESION8.runs/synth_1/runme.log
[Wed Aug 21 16:40:53 2019] Launched impl_1...
Run output will be captured here: C:/Users/ThePhonkey/Desktop/ELO212/SESION8/SESION8.runs/impl_1/runme.log
reset_run synth_1
launch_runs impl_1 -to_step write_bitstream -jobs 4
INFO: [Vivado 12-4149] The synthesis checkpoint for IP 'C:/Users/ThePhonkey/Desktop/ELO212/SESION8/SESION8.srcs/sources_1/ip/clk_wiz_0/clk_wiz_0.xci' is already up-to-date
[Wed Aug 21 16:45:01 2019] Launched synth_1...
Run output will be captured here: C:/Users/ThePhonkey/Desktop/ELO212/SESION8/SESION8.runs/synth_1/runme.log
[Wed Aug 21 16:45:01 2019] Launched impl_1...
Run output will be captured here: C:/Users/ThePhonkey/Desktop/ELO212/SESION8/SESION8.runs/impl_1/runme.log
reset_run synth_1
launch_runs impl_1 -to_step write_bitstream -jobs 4
INFO: [Vivado 12-4149] The synthesis checkpoint for IP 'C:/Users/ThePhonkey/Desktop/ELO212/SESION8/SESION8.srcs/sources_1/ip/clk_wiz_0/clk_wiz_0.xci' is already up-to-date
[Wed Aug 21 16:45:22 2019] Launched synth_1...
Run output will be captured here: C:/Users/ThePhonkey/Desktop/ELO212/SESION8/SESION8.runs/synth_1/runme.log
[Wed Aug 21 16:45:22 2019] Launched impl_1...
Run output will be captured here: C:/Users/ThePhonkey/Desktop/ELO212/SESION8/SESION8.runs/impl_1/runme.log
set_property PROBES.FILE {} [get_hw_devices xc7a100t_0]
set_property FULL_PROBES.FILE {} [get_hw_devices xc7a100t_0]
set_property PROGRAM.FILE {C:/Users/ThePhonkey/Desktop/ELO212/SESION8/SESION8.runs/impl_1/lab_8.bit} [get_hw_devices xc7a100t_0]
program_hw_devices [get_hw_devices xc7a100t_0]
INFO: [Labtools 27-3164] End of startup status: HIGH
refresh_hw_device [lindex [get_hw_devices xc7a100t_0] 0]
INFO: [Labtools 27-1434] Device xc7a100t (JTAG device index = 0) is programmed with a design that has no supported debug core(s) in it.
reset_run synth_1
launch_runs impl_1 -to_step write_bitstream -jobs 4
INFO: [Vivado 12-4149] The synthesis checkpoint for IP 'C:/Users/ThePhonkey/Desktop/ELO212/SESION8/SESION8.srcs/sources_1/ip/clk_wiz_0/clk_wiz_0.xci' is already up-to-date
[Wed Aug 21 16:50:00 2019] Launched synth_1...
Run output will be captured here: C:/Users/ThePhonkey/Desktop/ELO212/SESION8/SESION8.runs/synth_1/runme.log
[Wed Aug 21 16:50:00 2019] Launched impl_1...
Run output will be captured here: C:/Users/ThePhonkey/Desktop/ELO212/SESION8/SESION8.runs/impl_1/runme.log
set_property PROBES.FILE {} [get_hw_devices xc7a100t_0]
set_property FULL_PROBES.FILE {} [get_hw_devices xc7a100t_0]
set_property PROGRAM.FILE {C:/Users/ThePhonkey/Desktop/ELO212/SESION8/SESION8.runs/impl_1/lab_8.bit} [get_hw_devices xc7a100t_0]
program_hw_devices [get_hw_devices xc7a100t_0]
INFO: [Labtools 27-3164] End of startup status: HIGH
refresh_hw_device [lindex [get_hw_devices xc7a100t_0] 0]
INFO: [Labtools 27-1434] Device xc7a100t (JTAG device index = 0) is programmed with a design that has no supported debug core(s) in it.
reset_run synth_1
launch_runs impl_1 -to_step write_bitstream -jobs 4
INFO: [Vivado 12-4149] The synthesis checkpoint for IP 'C:/Users/ThePhonkey/Desktop/ELO212/SESION8/SESION8.srcs/sources_1/ip/clk_wiz_0/clk_wiz_0.xci' is already up-to-date
[Wed Aug 21 16:57:52 2019] Launched synth_1...
Run output will be captured here: C:/Users/ThePhonkey/Desktop/ELO212/SESION8/SESION8.runs/synth_1/runme.log
[Wed Aug 21 16:57:52 2019] Launched impl_1...
Run output will be captured here: C:/Users/ThePhonkey/Desktop/ELO212/SESION8/SESION8.runs/impl_1/runme.log
set_property PROBES.FILE {} [get_hw_devices xc7a100t_0]
set_property FULL_PROBES.FILE {} [get_hw_devices xc7a100t_0]
set_property PROGRAM.FILE {C:/Users/ThePhonkey/Desktop/ELO212/SESION8/SESION8.runs/impl_1/lab_8.bit} [get_hw_devices xc7a100t_0]
program_hw_devices [get_hw_devices xc7a100t_0]
INFO: [Labtools 27-3164] End of startup status: HIGH
refresh_hw_device [lindex [get_hw_devices xc7a100t_0] 0]
INFO: [Labtools 27-1434] Device xc7a100t (JTAG device index = 0) is programmed with a design that has no supported debug core(s) in it.
reset_run impl_1 -prev_step 
launch_runs impl_1 -to_step write_bitstream -jobs 4
INFO: [Vivado 12-4149] The synthesis checkpoint for IP 'C:/Users/ThePhonkey/Desktop/ELO212/SESION8/SESION8.srcs/sources_1/ip/clk_wiz_0/clk_wiz_0.xci' is already up-to-date
[Wed Aug 21 17:07:12 2019] Launched impl_1...
Run output will be captured here: C:/Users/ThePhonkey/Desktop/ELO212/SESION8/SESION8.runs/impl_1/runme.log
set_property PROBES.FILE {} [get_hw_devices xc7a100t_0]
set_property FULL_PROBES.FILE {} [get_hw_devices xc7a100t_0]
set_property PROGRAM.FILE {C:/Users/ThePhonkey/Desktop/ELO212/SESION8/SESION8.runs/impl_1/lab_8.bit} [get_hw_devices xc7a100t_0]
program_hw_devices [get_hw_devices xc7a100t_0]
INFO: [Labtools 27-3164] End of startup status: HIGH
refresh_hw_device [lindex [get_hw_devices xc7a100t_0] 0]
INFO: [Labtools 27-1434] Device xc7a100t (JTAG device index = 0) is programmed with a design that has no supported debug core(s) in it.
reset_run synth_1
launch_runs impl_1 -to_step write_bitstream -jobs 4
INFO: [Vivado 12-4149] The synthesis checkpoint for IP 'C:/Users/ThePhonkey/Desktop/ELO212/SESION8/SESION8.srcs/sources_1/ip/clk_wiz_0/clk_wiz_0.xci' is already up-to-date
[Wed Aug 21 17:16:24 2019] Launched synth_1...
Run output will be captured here: C:/Users/ThePhonkey/Desktop/ELO212/SESION8/SESION8.runs/synth_1/runme.log
[Wed Aug 21 17:16:24 2019] Launched impl_1...
Run output will be captured here: C:/Users/ThePhonkey/Desktop/ELO212/SESION8/SESION8.runs/impl_1/runme.log
set_property PROBES.FILE {} [get_hw_devices xc7a100t_0]
set_property FULL_PROBES.FILE {} [get_hw_devices xc7a100t_0]
set_property PROGRAM.FILE {C:/Users/ThePhonkey/Desktop/ELO212/SESION8/SESION8.runs/impl_1/lab_8.bit} [get_hw_devices xc7a100t_0]
program_hw_devices [get_hw_devices xc7a100t_0]
INFO: [Labtools 27-3164] End of startup status: HIGH
refresh_hw_device [lindex [get_hw_devices xc7a100t_0] 0]
INFO: [Labtools 27-1434] Device xc7a100t (JTAG device index = 0) is programmed with a design that has no supported debug core(s) in it.
reset_run synth_1
launch_runs impl_1 -to_step write_bitstream -jobs 4
INFO: [Vivado 12-4149] The synthesis checkpoint for IP 'C:/Users/ThePhonkey/Desktop/ELO212/SESION8/SESION8.srcs/sources_1/ip/clk_wiz_0/clk_wiz_0.xci' is already up-to-date
[Wed Aug 21 17:21:21 2019] Launched synth_1...
Run output will be captured here: C:/Users/ThePhonkey/Desktop/ELO212/SESION8/SESION8.runs/synth_1/runme.log
[Wed Aug 21 17:21:21 2019] Launched impl_1...
Run output will be captured here: C:/Users/ThePhonkey/Desktop/ELO212/SESION8/SESION8.runs/impl_1/runme.log
reset_run synth_1
launch_runs impl_1 -to_step write_bitstream -jobs 4
INFO: [Vivado 12-4149] The synthesis checkpoint for IP 'C:/Users/ThePhonkey/Desktop/ELO212/SESION8/SESION8.srcs/sources_1/ip/clk_wiz_0/clk_wiz_0.xci' is already up-to-date
[Wed Aug 21 17:24:33 2019] Launched synth_1...
Run output will be captured here: C:/Users/ThePhonkey/Desktop/ELO212/SESION8/SESION8.runs/synth_1/runme.log
[Wed Aug 21 17:24:33 2019] Launched impl_1...
Run output will be captured here: C:/Users/ThePhonkey/Desktop/ELO212/SESION8/SESION8.runs/impl_1/runme.log
set_property PROBES.FILE {} [get_hw_devices xc7a100t_0]
set_property FULL_PROBES.FILE {} [get_hw_devices xc7a100t_0]
set_property PROGRAM.FILE {C:/Users/ThePhonkey/Desktop/ELO212/SESION8/SESION8.runs/impl_1/lab_8.bit} [get_hw_devices xc7a100t_0]
program_hw_devices [get_hw_devices xc7a100t_0]
INFO: [Labtools 27-3164] End of startup status: HIGH
refresh_hw_device [lindex [get_hw_devices xc7a100t_0] 0]
INFO: [Labtools 27-1434] Device xc7a100t (JTAG device index = 0) is programmed with a design that has no supported debug core(s) in it.
reset_run synth_1
launch_runs impl_1 -to_step write_bitstream -jobs 4
INFO: [Vivado 12-4149] The synthesis checkpoint for IP 'C:/Users/ThePhonkey/Desktop/ELO212/SESION8/SESION8.srcs/sources_1/ip/clk_wiz_0/clk_wiz_0.xci' is already up-to-date
[Wed Aug 21 17:35:26 2019] Launched synth_1...
Run output will be captured here: C:/Users/ThePhonkey/Desktop/ELO212/SESION8/SESION8.runs/synth_1/runme.log
[Wed Aug 21 17:35:26 2019] Launched impl_1...
Run output will be captured here: C:/Users/ThePhonkey/Desktop/ELO212/SESION8/SESION8.runs/impl_1/runme.log
set_property PROBES.FILE {} [get_hw_devices xc7a100t_0]
set_property FULL_PROBES.FILE {} [get_hw_devices xc7a100t_0]
set_property PROGRAM.FILE {C:/Users/ThePhonkey/Desktop/ELO212/SESION8/SESION8.runs/impl_1/lab_8.bit} [get_hw_devices xc7a100t_0]
program_hw_devices [get_hw_devices xc7a100t_0]
INFO: [Labtools 27-3164] End of startup status: HIGH
refresh_hw_device [lindex [get_hw_devices xc7a100t_0] 0]
INFO: [Labtools 27-1434] Device xc7a100t (JTAG device index = 0) is programmed with a design that has no supported debug core(s) in it.
reset_run synth_1
launch_runs impl_1 -to_step write_bitstream -jobs 4
INFO: [Vivado 12-4149] The synthesis checkpoint for IP 'C:/Users/ThePhonkey/Desktop/ELO212/SESION8/SESION8.srcs/sources_1/ip/clk_wiz_0/clk_wiz_0.xci' is already up-to-date
[Wed Aug 21 17:43:37 2019] Launched synth_1...
Run output will be captured here: C:/Users/ThePhonkey/Desktop/ELO212/SESION8/SESION8.runs/synth_1/runme.log
[Wed Aug 21 17:43:37 2019] Launched impl_1...
Run output will be captured here: C:/Users/ThePhonkey/Desktop/ELO212/SESION8/SESION8.runs/impl_1/runme.log
set_property PROBES.FILE {} [get_hw_devices xc7a100t_0]
set_property FULL_PROBES.FILE {} [get_hw_devices xc7a100t_0]
set_property PROGRAM.FILE {C:/Users/ThePhonkey/Desktop/ELO212/SESION8/SESION8.runs/impl_1/lab_8.bit} [get_hw_devices xc7a100t_0]
program_hw_devices [get_hw_devices xc7a100t_0]
INFO: [Labtools 27-3164] End of startup status: HIGH
refresh_hw_device [lindex [get_hw_devices xc7a100t_0] 0]
INFO: [Labtools 27-1434] Device xc7a100t (JTAG device index = 0) is programmed with a design that has no supported debug core(s) in it.
ERROR: [Labtoolstcl 44-513] HW Target shutdown. Closing target: localhost:3121/xilinx_tcf/Digilent/210292708913A
